# Logfile created on Tue Jun 26 11:34:34 +0200 2007 by /
  [4;36;1mSQL (0.000000)[0m   [0;1mSQLite3::SQLException: table schema_info already exists: CREATE TABLE schema_info (version integer)[0m
  [4;35;1mSQL (0.000524)[0m   [0mSELECT version FROM schema_info[0m
  [4;36;1mSQL (0.000000)[0m   [0;1mSQLite3::SQLException: table schema_info already exists: CREATE TABLE schema_info (version integer)[0m
  [4;36;1mSQL (0.000000)[0m   [0;1mSQLite3::SQLException: table schema_info already exists: CREATE TABLE schema_info (version integer)[0m
  [4;35;1mSQL (0.000689)[0m   [0mSELECT version FROM schema_info[0m
  [4;36;1mSQL (0.000000)[0m   [0;1mSQLite3::SQLException: table schema_info already exists: CREATE TABLE schema_info (version integer)[0m
  [4;36;1mSQL (0.000000)[0m   [0;1mSQLite3::SQLException: table schema_info already exists: CREATE TABLE schema_info (version integer)[0m
  [4;35;1mSQL (0.000471)[0m   [0mSELECT version FROM schema_info[0m
  [4;36;1mSQL (0.000000)[0m   [0;1mSQLite3::SQLException: table schema_info already exists: CREATE TABLE schema_info (version integer)[0m
  [4;35;1mSQL (0.000419)[0m   [0mSELECT version FROM schema_info[0m
  [4;36;1mSQL (0.000326)[0m   [0;1mSELECT version FROM schema_info[0m
Migrating to Autoren (2)
  [4;35;1mSQL (0.009180)[0m   [0mcreate table Autoren ( id integer primary key, vorname text, nachname text, geburtsjahr int, todesjahr int, geburtsjahr_gesichert boolean DEFAULT true, todesjahr_gesichert boolean DEFAULT true, geburtstag date, todestag date, geburtsort text, todesort text, created_at timestamptz, updated_at timestamptz)[0m
  [4;36;1mSQL (0.024756)[0m   [0;1mUPDATE schema_info SET version = 2[0m
  [4;35;1mSQL (0.001853)[0m   [0mSELECT * FROM schema_info[0m
  [4;36;1mSQL (0.000553)[0m   [0;1mSELECT name FROM sqlite_master WHERE type = 'table'[0m
  [4;35;1mSQL (0.000144)[0m   [0mPRAGMA index_list(Autoren)[0m
  [4;36;1mSQL (0.000140)[0m   [0;1mPRAGMA index_list(Onlinetexte)[0m
  [4;36;1mSQL (0.000000)[0m   [0;1mSQLite3::SQLException: table schema_info already exists: CREATE TABLE schema_info (version integer)[0m
  [4;35;1mSQL (0.000477)[0m   [0mSELECT version FROM schema_info[0m
  [4;36;1mSQL (0.000000)[0m   [0;1mSQLite3::SQLException: table schema_info already exists: CREATE TABLE schema_info (version integer)[0m
  [4;36;1mSQL (0.000000)[0m   [0;1mSQLite3::SQLException: table schema_info already exists: CREATE TABLE schema_info (version integer)[0m
  [4;35;1mSQL (0.000486)[0m   [0mSELECT version FROM schema_info[0m
  [4;36;1mSQL (0.000323)[0m   [0;1mSELECT version FROM schema_info[0m
  [4;35;1mSQL (0.000294)[0m   [0mSELECT version FROM schema_info[0m
  [4;36;1mSQL (0.000415)[0m   [0;1mSELECT * FROM schema_info[0m
  [4;35;1mSQL (0.000609)[0m   [0mSELECT name FROM sqlite_master WHERE type = 'table'[0m
  [4;36;1mSQL (0.000150)[0m   [0;1mPRAGMA index_list(Autoren)[0m
  [4;35;1mSQL (0.000138)[0m   [0mPRAGMA index_list(Onlinetexte)[0m
  [4;36;1mSQL (0.000000)[0m   [0;1mSQLite3::SQLException: table schema_info already exists: CREATE TABLE schema_info (version integer)[0m
  [4;35;1mSQL (0.000544)[0m   [0mSELECT version FROM schema_info[0m
  [4;36;1mSQL (0.000000)[0m   [0;1mSQLite3::SQLException: table schema_info already exists: CREATE TABLE schema_info (version integer)[0m
  [4;36;1mSQL (0.000000)[0m   [0;1mSQLite3::SQLException: table schema_info already exists: CREATE TABLE schema_info (version integer)[0m
  [4;35;1mSQL (0.000470)[0m   [0mSELECT version FROM schema_info[0m
  [4;36;1mSQL (0.000323)[0m   [0;1mSELECT version FROM schema_info[0m
  [4;35;1mSQL (0.000000)[0m   [0mSQLite3::SQLException: table schema_info already exists: CREATE TABLE schema_info (version integer)[0m
  [4;36;1mSQL (0.000000)[0m   [0;1mSQLite3::SQLException: table schema_info already exists: CREATE TABLE schema_info (version integer)[0m
  [4;35;1mSQL (0.000469)[0m   [0mSELECT version FROM schema_info[0m
  [4;36;1mSQL (0.000441)[0m   [0;1mSELECT version FROM schema_info[0m
  [4;35;1mSQL (0.000000)[0m   [0mSQLite3::SQLException: table schema_info already exists: CREATE TABLE schema_info (version integer)[0m
  [4;36;1mSQL (0.000398)[0m   [0;1mSELECT version FROM schema_info[0m
  [4;35;1mSQL (0.000313)[0m   [0mSELECT version FROM schema_info[0m
Migrating to Autoren (2)
  [4;36;1mSQL (0.007548)[0m   [0;1mDROP TABLE autoren[0m
  [4;35;1mSQL (0.002649)[0m   [0mUPDATE schema_info SET version = 1[0m
Reached target version: 1
  [4;36;1mSQL (0.000472)[0m   [0;1mSELECT * FROM schema_info[0m
  [4;35;1mSQL (0.000413)[0m   [0mSELECT name FROM sqlite_master WHERE type = 'table'[0m
  [4;36;1mSQL (0.000146)[0m   [0;1mPRAGMA index_list(Onlinetexte)[0m
  [4;36;1mSQL (0.000000)[0m   [0;1mSQLite3::SQLException: table schema_info already exists: CREATE TABLE schema_info (version integer)[0m
  [4;35;1mSQL (0.000468)[0m   [0mSELECT version FROM schema_info[0m
  [4;36;1mSQL (0.000000)[0m   [0;1mSQLite3::SQLException: table schema_info already exists: CREATE TABLE schema_info (version integer)[0m
  [4;35;1mSQL (0.000395)[0m   [0mSELECT version FROM schema_info[0m
  [4;36;1mSQL (0.000330)[0m   [0;1mSELECT version FROM schema_info[0m
Migrating to Autoren (2)
  [4;35;1mSQL (0.005463)[0m   [0mcreate table Autoren ( id integer primary key, vorname text, nachname text, geburtsjahr int, todesjahr int, geburtsjahr_gesichert boolean DEFAULT true, todesjahr_gesichert boolean DEFAULT true, geburtstag date, todestag date, geburtsort text, todesort text, created_at timestamptz, updated_at timestamptz)[0m
  [4;36;1mSQL (0.003071)[0m   [0;1mUPDATE schema_info SET version = 2[0m
  [4;35;1mSQL (0.000368)[0m   [0mSELECT version FROM schema_info[0m
Migrating to Autorenonlinetexte (3)
  [4;36;1mSQL (0.005933)[0m   [0;1mcreate table Autoren_Onlinetexte ( autor_id integer, onlinetext_id integer)[0m
  [4;35;1mSQL (0.004506)[0m   [0mUPDATE schema_info SET version = 3[0m
  [4;36;1mSQL (0.000435)[0m   [0;1mSELECT * FROM schema_info[0m
  [4;35;1mSQL (0.000556)[0m   [0mSELECT name FROM sqlite_master WHERE type = 'table'[0m
  [4;36;1mSQL (0.000174)[0m   [0;1mPRAGMA index_list(Autoren)[0m
  [4;35;1mSQL (0.000111)[0m   [0mPRAGMA index_list(Autoren_Onlinetexte)[0m
  [4;36;1mSQL (0.000132)[0m   [0;1mPRAGMA index_list(Onlinetexte)[0m
  [4;36;1mSQL (0.000000)[0m   [0;1mSQLite3::SQLException: table schema_info already exists: CREATE TABLE schema_info (version integer)[0m
  [4;35;1mSQL (0.000473)[0m   [0mSELECT version FROM schema_info[0m
  [4;36;1mSQL (0.000326)[0m   [0;1mSELECT version FROM schema_info[0m
  [4;35;1mSQL (0.000000)[0m   [0mSQLite3::SQLException: table schema_info already exists: CREATE TABLE schema_info (version integer)[0m
  [4;36;1mSQL (0.000403)[0m   [0;1mSELECT version FROM schema_info[0m
Migrating to Autorenonlinetexte (3)
  [4;35;1mSQL (0.003287)[0m   [0mDROP TABLE autoren_onlinetexte[0m
  [4;36;1mSQL (0.003288)[0m   [0;1mUPDATE schema_info SET version = 2[0m
  [4;35;1mSQL (0.000380)[0m   [0mSELECT version FROM schema_info[0m
Migrating to Autoren (2)
  [4;36;1mSQL (0.002629)[0m   [0;1mDROP TABLE autoren[0m
  [4;35;1mSQL (0.003440)[0m   [0mUPDATE schema_info SET version = 1[0m
Reached target version: 1
  [4;36;1mSQL (0.000415)[0m   [0;1mSELECT * FROM schema_info[0m
  [4;35;1mSQL (0.000403)[0m   [0mSELECT name FROM sqlite_master WHERE type = 'table'[0m
  [4;36;1mSQL (0.000143)[0m   [0;1mPRAGMA index_list(Onlinetexte)[0m
  [4;36;1mSQL (0.000000)[0m   [0;1mSQLite3::SQLException: table schema_info already exists: CREATE TABLE schema_info (version integer)[0m
  [4;35;1mSQL (0.000457)[0m   [0mSELECT version FROM schema_info[0m
  [4;36;1mSQL (0.000324)[0m   [0;1mSELECT version FROM schema_info[0m
  [4;35;1mSQL (0.000000)[0m   [0mSQLite3::SQLException: table schema_info already exists: CREATE TABLE schema_info (version integer)[0m
  [4;36;1mSQL (0.000403)[0m   [0;1mSELECT version FROM schema_info[0m
  [4;35;1mSQL (0.000337)[0m   [0mSELECT version FROM schema_info[0m
  [4;36;1mSQL (0.000321)[0m   [0;1mSELECT version FROM schema_info[0m
Migrating to Onlinetexte (1)
  [4;35;1mSQL (0.004644)[0m   [0mDROP TABLE onlinetexte[0m
  [4;36;1mSQL (0.003434)[0m   [0;1mUPDATE schema_info SET version = 0[0m
  [4;35;1mSQL (0.000430)[0m   [0mSELECT * FROM schema_info[0m
  [4;36;1mSQL (0.000323)[0m   [0;1mSELECT name FROM sqlite_master WHERE type = 'table'[0m
  [4;36;1mSQL (0.000000)[0m   [0;1mSQLite3::SQLException: table schema_info already exists: CREATE TABLE schema_info (version integer)[0m
  [4;35;1mSQL (0.000000)[0m   [0mSQLite3::SQLException: table schema_info already exists: CREATE TABLE schema_info (version integer)[0m
  [4;36;1mSQL (0.000650)[0m   [0;1mSELECT version FROM schema_info[0m
Migrating to Onlinetexte (1)
  [4;35;1mSQL (0.005327)[0m   [0mcreate table Onlinetexte ( id integer primary key, titel text, buchtitel text, verlag text, isbn_issn text, jahr integer, sprache text, originalsprache text, beschreibungslink text, format text, typ text, empfohlener_link boolean, beschreibung text, autor_id integer, created_at timestamptz, updated_at timestamptz, FOREIGN KEY(autor_id) REFERENCES autoren(id))[0m
  [4;36;1mSQL (0.002944)[0m   [0;1mUPDATE schema_info SET version = 1[0m
  [4;35;1mSQL (0.000378)[0m   [0mSELECT version FROM schema_info[0m
Migrating to Autoren (2)
  [4;36;1mSQL (0.002781)[0m   [0;1mcreate table Autoren ( id integer primary key, vorname text, nachname text, geburtsjahr int, todesjahr int, geburtsjahr_gesichert boolean DEFAULT true, todesjahr_gesichert boolean DEFAULT true, geburtstag date, todestag date, geburtsort text, todesort text, created_at timestamptz, updated_at timestamptz)[0m
  [4;35;1mSQL (0.003546)[0m   [0mUPDATE schema_info SET version = 2[0m
  [4;36;1mSQL (0.000370)[0m   [0;1mSELECT version FROM schema_info[0m
Migrating to Autorenonlinetexte (3)
  [4;35;1mSQL (0.002890)[0m   [0mcreate table Autoren_Onlinetexte ( autor_id integer, onlinetext_id integer)[0m
  [4;36;1mSQL (0.003592)[0m   [0;1mUPDATE schema_info SET version = 3[0m
  [4;35;1mSQL (0.000368)[0m   [0mSELECT version FROM schema_info[0m
Migrating to Autorenlinks (4)
  [4;36;1mSQL (0.005859)[0m   [0;1mcreate table Autorenlinks ( id integer primary key, url text, typ text, beschreibung text, autor_id integer, FOREIGN KEY(autor_id) REFERENCES autoren(id))[0m
  [4;35;1mSQL (0.004545)[0m   [0mUPDATE schema_info SET version = 4[0m
  [4;36;1mSQL (0.000436)[0m   [0;1mSELECT * FROM schema_info[0m
  [4;35;1mSQL (0.000646)[0m   [0mSELECT name FROM sqlite_master WHERE type = 'table'[0m
  [4;36;1mSQL (0.000151)[0m   [0;1mPRAGMA index_list(Autoren)[0m
  [4;35;1mSQL (0.000113)[0m   [0mPRAGMA index_list(Autoren_Onlinetexte)[0m
  [4;36;1mSQL (0.000115)[0m   [0;1mPRAGMA index_list(Autorenlinks)[0m
  [4;35;1mSQL (0.000154)[0m   [0mPRAGMA index_list(Onlinetexte)[0m
  [4;36;1mSQL (0.000000)[0m   [0;1mSQLite3::SQLException: table schema_info already exists: CREATE TABLE schema_info (version integer)[0m
  [4;35;1mSQL (0.000471)[0m   [0mSELECT version FROM schema_info[0m
  [4;36;1mSQL (0.000340)[0m   [0;1mSELECT version FROM schema_info[0m
  [4;35;1mSQL (0.000000)[0m   [0mSQLite3::SQLException: table schema_info already exists: CREATE TABLE schema_info (version integer)[0m
  [4;36;1mSQL (0.000397)[0m   [0;1mSELECT version FROM schema_info[0m
Migrating to Autorenlinks (4)
  [4;35;1mSQL (0.003572)[0m   [0mDROP TABLE autorenlinks[0m
  [4;36;1mSQL (0.003108)[0m   [0;1mUPDATE schema_info SET version = 3[0m
  [4;35;1mSQL (0.000377)[0m   [0mSELECT version FROM schema_info[0m
Migrating to Autorenonlinetexte (3)
  [4;36;1mSQL (0.003255)[0m   [0;1mDROP TABLE autoren_onlinetexte[0m
  [4;35;1mSQL (0.002875)[0m   [0mUPDATE schema_info SET version = 2[0m
  [4;36;1mSQL (0.000369)[0m   [0;1mSELECT version FROM schema_info[0m
Migrating to Autoren (2)
  [4;35;1mSQL (0.002866)[0m   [0mDROP TABLE autoren[0m
  [4;36;1mSQL (0.003569)[0m   [0;1mUPDATE schema_info SET version = 1[0m
Reached target version: 1
  [4;35;1mSQL (0.000417)[0m   [0mSELECT * FROM schema_info[0m
  [4;36;1mSQL (0.000419)[0m   [0;1mSELECT name FROM sqlite_master WHERE type = 'table'[0m
  [4;35;1mSQL (0.000138)[0m   [0mPRAGMA index_list(Onlinetexte)[0m
  [4;36;1mSQL (0.000000)[0m   [0;1mSQLite3::SQLException: table schema_info already exists: CREATE TABLE schema_info (version integer)[0m
  [4;35;1mSQL (0.000484)[0m   [0mSELECT version FROM schema_info[0m
  [4;36;1mSQL (0.000344)[0m   [0;1mSELECT version FROM schema_info[0m
  [4;35;1mSQL (0.000298)[0m   [0mSELECT version FROM schema_info[0m
  [4;36;1mSQL (0.000402)[0m   [0;1mSELECT * FROM schema_info[0m
  [4;35;1mSQL (0.000558)[0m   [0mSELECT name FROM sqlite_master WHERE type = 'table'[0m
  [4;36;1mSQL (0.000146)[0m   [0;1mPRAGMA index_list(Onlinetexte)[0m
  [4;36;1mSQL (0.000000)[0m   [0;1mSQLite3::SQLException: table schema_info already exists: CREATE TABLE schema_info (version integer)[0m
  [4;35;1mSQL (0.000458)[0m   [0mSELECT version FROM schema_info[0m
  [4;36;1mSQL (0.000332)[0m   [0;1mSELECT version FROM schema_info[0m
  [4;35;1mSQL (0.000000)[0m   [0mSQLite3::SQLException: table schema_info already exists: CREATE TABLE schema_info (version integer)[0m
  [4;36;1mSQL (0.000404)[0m   [0;1mSELECT version FROM schema_info[0m
  [4;35;1mSQL (0.000313)[0m   [0mSELECT version FROM schema_info[0m
  [4;36;1mSQL (0.000298)[0m   [0;1mSELECT version FROM schema_info[0m
  [4;35;1mSQL (0.000297)[0m   [0mSELECT version FROM schema_info[0m
Migrating to Onlinetexte (1)
  [4;36;1mSQL (0.007267)[0m   [0;1mDROP TABLE onlinetexte[0m
  [4;35;1mSQL (0.003076)[0m   [0mUPDATE schema_info SET version = 0[0m
  [4;36;1mSQL (0.000413)[0m   [0;1mSELECT * FROM schema_info[0m
  [4;35;1mSQL (0.000328)[0m   [0mSELECT name FROM sqlite_master WHERE type = 'table'[0m
  [4;36;1mSQL (0.000000)[0m   [0;1mSQLite3::SQLException: table schema_info already exists: CREATE TABLE schema_info (version integer)[0m
  [4;35;1mSQL (0.000454)[0m   [0mSELECT version FROM schema_info[0m
  [4;36;1mSQL (0.000000)[0m   [0;1mSQLite3::SQLException: table schema_info already exists: CREATE TABLE schema_info (version integer)[0m
  [4;35;1mSQL (0.000399)[0m   [0mSELECT version FROM schema_info[0m
Migrating to Onlinetexte (1)
  [4;36;1mSQL (0.000000)[0m   [0;1mSQLite3::SQLException: unrecognized token: "\": create table Onlinetexte (\n id integer primary key,\n titel text,\n buchtitel text,\n verlag text,\n isbn_issn text,\n jahr integer,\n sprache text,\n originalsprache text,\n beschreibungslink text,\n format text,\n typ text,\n empfohlener_link boolean,\n beschreibung text,\n autor_id integer,\n created_at timestamptz,\n updated_at timestamptz,\n FOREIGN KEY(autor_id) REFERENCES autoren(id))[0m
  [4;36;1mSQL (0.000000)[0m   [0;1mSQLite3::SQLException: table schema_info already exists: CREATE TABLE schema_info (version integer)[0m
  [4;35;1mSQL (0.000458)[0m   [0mSELECT version FROM schema_info[0m
  [4;36;1mSQL (0.000000)[0m   [0;1mSQLite3::SQLException: table schema_info already exists: CREATE TABLE schema_info (version integer)[0m
  [4;35;1mSQL (0.000404)[0m   [0mSELECT version FROM schema_info[0m
Migrating to Onlinetexte (1)
  [4;36;1mSQL (0.004879)[0m   [0;1mcreate table Onlinetexte (
 id integer primary key,
 titel text,
 buchtitel text,
 verlag text,
 isbn_issn text,
 jahr integer,
 sprache text,
 originalsprache text,
 beschreibungslink text,
 format text,
 typ text,
 empfohlener_link boolean,
 beschreibung text,
 autor_id integer,
 created_at timestamptz,
 updated_at timestamptz,
 FOREIGN KEY(autor_id) REFERENCES autoren(id))[0m
  [4;35;1mSQL (0.002867)[0m   [0mUPDATE schema_info SET version = 1[0m
Reached target version: 1
  [4;36;1mSQL (0.000420)[0m   [0;1mSELECT * FROM schema_info[0m
  [4;35;1mSQL (0.000410)[0m   [0mSELECT name FROM sqlite_master WHERE type = 'table'[0m
  [4;36;1mSQL (0.000141)[0m   [0;1mPRAGMA index_list(Onlinetexte)[0m
  [4;36;1mSQL (0.000000)[0m   [0;1mSQLite3::SQLException: table schema_info already exists: CREATE TABLE schema_info (version integer)[0m
  [4;35;1mSQL (0.000000)[0m   [0mSQLite3::SQLException: table schema_info already exists: CREATE TABLE schema_info (version integer)[0m
  [4;36;1mSQL (0.000531)[0m   [0;1mSELECT version FROM schema_info[0m
  [4;35;1mSQL (0.000342)[0m   [0mSELECT version FROM schema_info[0m
Migrating to Autoren (2)
  [4;36;1mSQL (0.006617)[0m   [0;1mcreate table Autoren (
 id integer primary key,
 vorname text,
 nachname text,
 geburtsjahr int,
 todesjahr int,
 geburtsjahr_gesichert boolean DEFAULT true,
 todesjahr_gesichert boolean DEFAULT true,
 geburtstag date,
 todestag date,
 geburtsort text,
 todesort text,
 created_at timestamptz,
 updated_at timestamptz)[0m
  [4;35;1mSQL (0.003141)[0m   [0mUPDATE schema_info SET version = 2[0m
  [4;36;1mSQL (0.000375)[0m   [0;1mSELECT version FROM schema_info[0m
Migrating to Autorenonlinetexte (3)
  [4;35;1mSQL (0.003555)[0m   [0mcreate table Autoren_Onlinetexte (
 autor_id integer,
 onlinetext_id integer)[0m
  [4;36;1mSQL (0.002864)[0m   [0;1mUPDATE schema_info SET version = 3[0m
  [4;35;1mSQL (0.000371)[0m   [0mSELECT version FROM schema_info[0m
Migrating to Autorenlinks (4)
  [4;36;1mSQL (0.004717)[0m   [0;1mcreate table Autorenlinks (
 id integer primary key,
 url text,
 typ text, 
 beschreibung text,
 autor_id integer,
 FOREIGN KEY(autor_id) REFERENCES autoren(id))[0m
  [4;35;1mSQL (0.005754)[0m   [0mUPDATE schema_info SET version = 4[0m
  [4;36;1mSQL (0.000499)[0m   [0;1mSELECT * FROM schema_info[0m
  [4;35;1mSQL (0.000650)[0m   [0mSELECT name FROM sqlite_master WHERE type = 'table'[0m
  [4;36;1mSQL (0.000153)[0m   [0;1mPRAGMA index_list(Autoren)[0m
  [4;35;1mSQL (0.000111)[0m   [0mPRAGMA index_list(Autoren_Onlinetexte)[0m
  [4;36;1mSQL (0.000125)[0m   [0;1mPRAGMA index_list(Autorenlinks)[0m
  [4;35;1mSQL (0.000163)[0m   [0mPRAGMA index_list(Onlinetexte)[0m
  [4;36;1mSQL (0.000000)[0m   [0;1mSQLite3::SQLException: table schema_info already exists: CREATE TABLE schema_info (version integer)[0m
  [4;35;1mSQL (0.000000)[0m   [0mSQLite3::SQLException: table schema_info already exists: CREATE TABLE schema_info (version integer)[0m
  [4;36;1mSQL (0.000528)[0m   [0;1mSELECT version FROM schema_info[0m
  [4;35;1mSQL (0.000333)[0m   [0mSELECT version FROM schema_info[0m
  [4;36;1mSQL (0.000303)[0m   [0;1mSELECT version FROM schema_info[0m
  [4;35;1mSQL (0.000301)[0m   [0mSELECT version FROM schema_info[0m
  [4;36;1mSQL (0.000408)[0m   [0;1mSELECT * FROM schema_info[0m
  [4;35;1mSQL (0.000777)[0m   [0mSELECT name FROM sqlite_master WHERE type = 'table'[0m
  [4;36;1mSQL (0.000147)[0m   [0;1mPRAGMA index_list(Autoren)[0m
  [4;35;1mSQL (0.000115)[0m   [0mPRAGMA index_list(Autoren_Onlinetexte)[0m
  [4;36;1mSQL (0.000119)[0m   [0;1mPRAGMA index_list(Autorenlinks)[0m
  [4;35;1mSQL (0.000153)[0m   [0mPRAGMA index_list(Onlinetexte)[0m
  [4;36;1mSQL (0.000000)[0m   [0;1mSQLite3::SQLException: table schema_info already exists: CREATE TABLE schema_info (version integer)[0m
  [4;35;1mSQL (0.000472)[0m   [0mSELECT version FROM schema_info[0m
  [4;36;1mSQL (0.000327)[0m   [0;1mSELECT version FROM schema_info[0m
  [4;35;1mSQL (0.000000)[0m   [0mSQLite3::SQLException: table schema_info already exists: CREATE TABLE schema_info (version integer)[0m
  [4;36;1mSQL (0.000420)[0m   [0;1mSELECT version FROM schema_info[0m
Migrating to Autorenlinks (4)
  [4;35;1mSQL (0.005905)[0m   [0mDROP TABLE autorenlinks[0m
  [4;36;1mSQL (0.003021)[0m   [0;1mUPDATE schema_info SET version = 3[0m
  [4;35;1mSQL (0.000379)[0m   [0mSELECT version FROM schema_info[0m
Migrating to Autorenonlinetexte (3)
  [4;36;1mSQL (0.002731)[0m   [0;1mDROP TABLE autoren_onlinetexte[0m
  [4;35;1mSQL (0.003580)[0m   [0mUPDATE schema_info SET version = 2[0m
  [4;36;1mSQL (0.000376)[0m   [0;1mSELECT version FROM schema_info[0m
Migrating to Autoren (2)
  [4;35;1mSQL (0.002817)[0m   [0mDROP TABLE autoren[0m
  [4;36;1mSQL (0.003439)[0m   [0;1mUPDATE schema_info SET version = 1[0m
  [4;35;1mSQL (0.000379)[0m   [0mSELECT version FROM schema_info[0m
Migrating to Onlinetexte (1)
  [4;36;1mSQL (0.003052)[0m   [0;1mDROP TABLE onlinetexte[0m
  [4;35;1mSQL (0.003903)[0m   [0mUPDATE schema_info SET version = 0[0m
  [4;36;1mSQL (0.000413)[0m   [0;1mSELECT * FROM schema_info[0m
  [4;35;1mSQL (0.000333)[0m   [0mSELECT name FROM sqlite_master WHERE type = 'table'[0m
  [4;36;1mSQL (0.000000)[0m   [0;1mSQLite3::SQLException: table schema_info already exists: CREATE TABLE schema_info (version integer)[0m
  [4;35;1mSQL (0.000000)[0m   [0mSQLite3::SQLException: table schema_info already exists: CREATE TABLE schema_info (version integer)[0m
  [4;36;1mSQL (0.000701)[0m   [0;1mSELECT version FROM schema_info[0m
Migrating to Onlinetexte (1)
  [4;35;1mSQL (0.011649)[0m   [0mcreate table Onlinetexte (
 id integer primary key,
 titel text,
 buchtitel text,
 verlag text,
 isbn_issn text,
 jahr integer,
 sprache text,
 originalsprache text,
 beschreibungslink text,
 format text,
 typ text,
 empfohlener_link boolean,
 beschreibung text,
 autor_id integer,
 created_at timestamptz,
 updated_at timestamptz,
 FOREIGN KEY(autor_id) REFERENCES autoren(id))[0m
  [4;36;1mSQL (0.006360)[0m   [0;1mUPDATE schema_info SET version = 1[0m
  [4;35;1mSQL (0.000503)[0m   [0mSELECT version FROM schema_info[0m
Migrating to Autoren (2)
  [4;36;1mSQL (0.006253)[0m   [0;1mcreate table Autoren (
 id integer primary key,
 vorname text,
 nachname text,
 geburtsjahr int,
 todesjahr int,
 geburtsjahr_gesichert boolean DEFAULT true,
 todesjahr_gesichert boolean DEFAULT true,
 geburtstag date,
 todestag date,
 geburtsort text,
 todesort text,
 created_at timestamptz,
 updated_at timestamptz)[0m
  [4;35;1mSQL (0.003159)[0m   [0mUPDATE schema_info SET version = 2[0m
  [4;36;1mSQL (0.000497)[0m   [0;1mSELECT version FROM schema_info[0m
Migrating to Autorenonlinetexte (3)
  [4;35;1mSQL (0.006411)[0m   [0mcreate table Autoren_Onlinetexte (
 autor_id integer,
 onlinetext_id integer)[0m
  [4;36;1mSQL (0.004092)[0m   [0;1mUPDATE schema_info SET version = 3[0m
  [4;35;1mSQL (0.000542)[0m   [0mSELECT version FROM schema_info[0m
Migrating to Autorenlinks (4)
  [4;36;1mSQL (0.005638)[0m   [0;1mcreate table Autorenlinks (
 id integer primary key,
 url text,
 typ text, 
 beschreibung text,
 autor_id integer,
 FOREIGN KEY(autor_id) REFERENCES autoren(id))[0m
  [4;35;1mSQL (0.003235)[0m   [0mUPDATE schema_info SET version = 4[0m
  [4;36;1mSQL (0.000518)[0m   [0;1mSELECT * FROM schema_info[0m
  [4;35;1mSQL (0.000922)[0m   [0mSELECT name FROM sqlite_master WHERE type = 'table'[0m
  [4;36;1mSQL (0.000221)[0m   [0;1mPRAGMA index_list(Autoren)[0m
  [4;35;1mSQL (0.000186)[0m   [0mPRAGMA index_list(Autoren_Onlinetexte)[0m
  [4;36;1mSQL (0.000197)[0m   [0;1mPRAGMA index_list(Autorenlinks)[0m
  [4;35;1mSQL (0.000214)[0m   [0mPRAGMA index_list(Onlinetexte)[0m


Processing AutorenController#index (for 192.168.0.247 at 2007-06-26 14:16:16) [GET]
  Session ID: ef605ea82eb4d02672b620c517ceff76
  Parameters: {"action"=>"index", "controller"=>"autoren"}
  [4;36;1mSQL (0.000718)[0m   [0;1mSELECT count(*) AS count_all FROM autoren [0m
  [4;35;1mAutor Load (0.002085)[0m   [0mSELECT * FROM autoren LIMIT 10 OFFSET 0[0m
Rendering layoutfalseactionlist within layouts/autoren
Rendering autoren/list
Completed in 0.10371 (9 reqs/sec) | Rendering: 0.01774 (17%) | DB: 0.00280 (2%) | 200 OK [http://loki/autoren]


Processing OnlinetexteController#index (for 192.168.0.247 at 2007-06-26 14:16:28) [GET]
  Session ID: ef605ea82eb4d02672b620c517ceff76
  Parameters: {"action"=>"index", "controller"=>"onlinetexte"}
  [4;36;1mSQL (0.000326)[0m   [0;1mSELECT count(*) AS count_all FROM onlinetexte [0m
  [4;35;1mOnlinetext Load (0.002300)[0m   [0mSELECT * FROM onlinetexte LIMIT 10 OFFSET 0[0m
Rendering layoutfalseactionlist within layouts/onlinetexte
Rendering onlinetexte/list
Completed in 0.02879 (34 reqs/sec) | Rendering: 0.01416 (49%) | DB: 0.00263 (9%) | 200 OK [http://loki/onlinetexte]


Processing OnlinetexteController#show (for 192.168.0.247 at 2007-06-26 14:16:38) [GET]
  Session ID: ef605ea82eb4d02672b620c517ceff76
  Parameters: {"action"=>"show", "id"=>"1", "controller"=>"onlinetexte"}
  [4;36;1mOnlinetext Load (0.001482)[0m   [0;1mSELECT * FROM onlinetexte WHERE (onlinetexte.id = 1) [0m
Rendering  within layouts/onlinetexte
Rendering onlinetexte/show
Completed in 0.02648 (37 reqs/sec) | Rendering: 0.00601 (22%) | DB: 0.00148 (5%) | 200 OK [http://loki/onlinetexte/show/1]


Processing OnlinetexteController#edit (for 192.168.0.247 at 2007-06-26 14:16:44) [GET]
  Session ID: ef605ea82eb4d02672b620c517ceff76
  Parameters: {"action"=>"edit", "id"=>"1", "controller"=>"onlinetexte"}
  [4;35;1mOnlinetext Load (0.000744)[0m   [0mSELECT * FROM onlinetexte WHERE (onlinetexte.id = 1) [0m
Rendering  within layouts/onlinetexte
Rendering onlinetexte/edit
Rendered onlinetexte/_form (0.00674)
Completed in 0.02501 (39 reqs/sec) | Rendering: 0.01142 (45%) | DB: 0.00074 (2%) | 200 OK [http://loki/onlinetexte/edit/1]


Processing OnlinetexteController#list (for 192.168.0.247 at 2007-06-26 14:16:54) [GET]
  Session ID: ef605ea82eb4d02672b620c517ceff76
  Parameters: {"action"=>"list", "controller"=>"onlinetexte"}
  [4;36;1mSQL (0.000371)[0m   [0;1mSELECT count(*) AS count_all FROM onlinetexte [0m
  [4;35;1mOnlinetext Load (0.002370)[0m   [0mSELECT * FROM onlinetexte LIMIT 10 OFFSET 0[0m
Rendering  within layouts/onlinetexte
Rendering onlinetexte/list
Completed in 0.02651 (37 reqs/sec) | Rendering: 0.01125 (42%) | DB: 0.00274 (10%) | 200 OK [http://loki/onlinetexte/list]


Processing OnlinetexteController#show (for 192.168.0.247 at 2007-06-26 14:17:09) [GET]
  Session ID: ef605ea82eb4d02672b620c517ceff76
  Parameters: {"action"=>"show", "id"=>"1", "controller"=>"onlinetexte"}
  [4;36;1mOnlinetext Load (0.001176)[0m   [0;1mSELECT * FROM onlinetexte WHERE (onlinetexte.id = 1) [0m
Rendering  within layouts/onlinetexte
Rendering onlinetexte/show
Completed in 0.02624 (38 reqs/sec) | Rendering: 0.00615 (23%) | DB: 0.00118 (4%) | 200 OK [http://loki/onlinetexte/show/1]


Processing ApplicationController#index (for 192.168.0.247 at 2007-06-26 14:17:29) [GET]
  Session ID: ef605ea82eb4d02672b620c517ceff76
  Parameters: {}


ActionController::RoutingError (no route found to match "/autor/show/1" with {:method=>:get}):
    /usr/lib/ruby/gems/1.8/gems/actionpack-1.13.2/lib/action_controller/routing.rb:1292:in `recognize_path'
    /usr/lib/ruby/gems/1.8/gems/actionpack-1.13.2/lib/action_controller/routing.rb:1282:in `recognize'
    /usr/lib/ruby/gems/1.8/gems/rails-1.2.2/lib/dispatcher.rb:40:in `dispatch'
    /usr/lib/ruby/gems/1.8/gems/rails-1.2.2/lib/webrick_server.rb:113:in `handle_dispatch'
    /usr/lib/ruby/gems/1.8/gems/rails-1.2.2/lib/webrick_server.rb:79:in `service'
    /usr/lib/ruby/1.8/webrick/httpserver.rb:104:in `service'
    /usr/lib/ruby/1.8/webrick/httpserver.rb:65:in `run'
    /usr/lib/ruby/1.8/webrick/server.rb:173:in `start_thread'
    /usr/lib/ruby/1.8/webrick/server.rb:162:in `start'
    /usr/lib/ruby/1.8/webrick/server.rb:162:in `start_thread'
    /usr/lib/ruby/1.8/webrick/server.rb:95:in `start'
    /usr/lib/ruby/1.8/webrick/server.rb:92:in `each'
    /usr/lib/ruby/1.8/webrick/server.rb:92:in `start'
    /usr/lib/ruby/1.8/webrick/server.rb:23:in `start'
    /usr/lib/ruby/1.8/webrick/server.rb:82:in `start'
    /usr/lib/ruby/gems/1.8/gems/rails-1.2.2/lib/webrick_server.rb:63:in `dispatch'
    /usr/lib/ruby/gems/1.8/gems/rails-1.2.2/lib/commands/servers/webrick.rb:59
    /usr/lib/ruby/site_ruby/1.8/rubygems/custom_require.rb:27:in `gem_original_require'
    /usr/lib/ruby/site_ruby/1.8/rubygems/custom_require.rb:27:in `require'
    /usr/lib/ruby/gems/1.8/gems/activesupport-1.4.1/lib/active_support/dependencies.rb:495:in `require'
    /usr/lib/ruby/gems/1.8/gems/activesupport-1.4.1/lib/active_support/dependencies.rb:342:in `new_constants_in'
    /usr/lib/ruby/gems/1.8/gems/activesupport-1.4.1/lib/active_support/dependencies.rb:495:in `require'
    /usr/lib/ruby/gems/1.8/gems/rails-1.2.2/lib/commands/server.rb:39
    /usr/lib/ruby/site_ruby/1.8/rubygems/custom_require.rb:27:in `gem_original_require'
    /usr/lib/ruby/site_ruby/1.8/rubygems/custom_require.rb:27:in `require'
    script/server:3


Rendering /usr/lib/ruby/gems/1.8/gems/actionpack-1.13.2/lib/action_controller/templates/rescues/layout.rhtml (404 Page Not Found)


Processing AutorenController#show (for 192.168.0.247 at 2007-06-26 14:17:36) [GET]
  Session ID: ef605ea82eb4d02672b620c517ceff76
  Parameters: {"action"=>"show", "id"=>"1", "controller"=>"autoren"}
  [4;35;1mAutor Load (0.000604)[0m   [0mSELECT * FROM autoren WHERE (autoren.id = 1) [0m
Rendering  within layouts/autoren
Rendering autoren/show
  [4;36;1mAutorenlink Load (0.001038)[0m   [0;1mSELECT * FROM autorenlinks WHERE (autor_id = 1) [0m
Completed in 0.03113 (32 reqs/sec) | Rendering: 0.01751 (56%) | DB: 0.00164 (5%) | 200 OK [http://loki/autoren/show/1]


Processing AutorenlinksController#show (for 192.168.0.247 at 2007-06-26 14:17:45) [GET]
  Session ID: ef605ea82eb4d02672b620c517ceff76
  Parameters: {"action"=>"show", "id"=>"1", "controller"=>"autorenlinks"}


ActionController::UnknownAction (No action responded to show):
    /usr/lib/ruby/gems/1.8/gems/actionpack-1.13.2/lib/action_controller/filters.rb:632:in `call_filter'
    /usr/lib/ruby/gems/1.8/gems/actionpack-1.13.2/lib/action_controller/filters.rb:634:in `call_filter'
    /usr/lib/ruby/gems/1.8/gems/actionpack-1.13.2/lib/action_controller/filters.rb:619:in `perform_action_without_benchmark'
    /usr/lib/ruby/gems/1.8/gems/actionpack-1.13.2/lib/action_controller/benchmarking.rb:66:in `perform_action_without_rescue'
    /usr/lib/ruby/1.8/benchmark.rb:293:in `measure'
    /usr/lib/ruby/gems/1.8/gems/actionpack-1.13.2/lib/action_controller/benchmarking.rb:66:in `perform_action_without_rescue'
    /usr/lib/ruby/gems/1.8/gems/actionpack-1.13.2/lib/action_controller/rescue.rb:83:in `perform_action'
    /usr/lib/ruby/gems/1.8/gems/actionpack-1.13.2/lib/action_controller/base.rb:430:in `send'
    /usr/lib/ruby/gems/1.8/gems/actionpack-1.13.2/lib/action_controller/base.rb:430:in `process_without_filters'
    /usr/lib/ruby/gems/1.8/gems/actionpack-1.13.2/lib/action_controller/filters.rb:624:in `process_without_session_management_support'
    /usr/lib/ruby/gems/1.8/gems/actionpack-1.13.2/lib/action_controller/session_management.rb:114:in `process'
    /usr/lib/ruby/gems/1.8/gems/actionpack-1.13.2/lib/action_controller/base.rb:330:in `process'
    /usr/lib/ruby/gems/1.8/gems/rails-1.2.2/lib/dispatcher.rb:41:in `dispatch'
    /usr/lib/ruby/gems/1.8/gems/rails-1.2.2/lib/webrick_server.rb:113:in `handle_dispatch'
    /usr/lib/ruby/gems/1.8/gems/rails-1.2.2/lib/webrick_server.rb:79:in `service'
    /usr/lib/ruby/1.8/webrick/httpserver.rb:104:in `service'
    /usr/lib/ruby/1.8/webrick/httpserver.rb:65:in `run'
    /usr/lib/ruby/1.8/webrick/server.rb:173:in `start_thread'
    /usr/lib/ruby/1.8/webrick/server.rb:162:in `start'
    /usr/lib/ruby/1.8/webrick/server.rb:162:in `start_thread'
    /usr/lib/ruby/1.8/webrick/server.rb:95:in `start'
    /usr/lib/ruby/1.8/webrick/server.rb:92:in `each'
    /usr/lib/ruby/1.8/webrick/server.rb:92:in `start'
    /usr/lib/ruby/1.8/webrick/server.rb:23:in `start'
    /usr/lib/ruby/1.8/webrick/server.rb:82:in `start'
    /usr/lib/ruby/gems/1.8/gems/rails-1.2.2/lib/webrick_server.rb:63:in `dispatch'
    /usr/lib/ruby/gems/1.8/gems/rails-1.2.2/lib/commands/servers/webrick.rb:59
    /usr/lib/ruby/site_ruby/1.8/rubygems/custom_require.rb:27:in `gem_original_require'
    /usr/lib/ruby/site_ruby/1.8/rubygems/custom_require.rb:27:in `require'
    /usr/lib/ruby/gems/1.8/gems/activesupport-1.4.1/lib/active_support/dependencies.rb:495:in `require'
    /usr/lib/ruby/gems/1.8/gems/activesupport-1.4.1/lib/active_support/dependencies.rb:342:in `new_constants_in'
    /usr/lib/ruby/gems/1.8/gems/activesupport-1.4.1/lib/active_support/dependencies.rb:495:in `require'
    /usr/lib/ruby/gems/1.8/gems/rails-1.2.2/lib/commands/server.rb:39
    /usr/lib/ruby/site_ruby/1.8/rubygems/custom_require.rb:27:in `gem_original_require'
    /usr/lib/ruby/site_ruby/1.8/rubygems/custom_require.rb:27:in `require'
    script/server:3


Rendering /usr/lib/ruby/gems/1.8/gems/actionpack-1.13.2/lib/action_controller/templates/rescues/layout.rhtml (404 Page Not Found)
